2024-05-10 07:28:02,208 INFO: Microblog startup [in C:\Users\HP Laptop\Desktop\game\cits3403\app\__init__.py:46]
2024-05-10 07:29:41,484 INFO: Microblog startup [in C:\Users\HP Laptop\Desktop\game\cits3403\app\__init__.py:46]
2024-05-10 07:31:06,240 INFO: Microblog startup [in C:\Users\HP Laptop\Desktop\game\cits3403\app\__init__.py:46]
2024-05-10 07:32:10,685 INFO: Microblog startup [in C:\Users\HP Laptop\Desktop\game\cits3403\app\__init__.py:46]
2024-05-10 07:34:29,017 INFO: Microblog startup [in C:\Users\HP Laptop\Desktop\game\cits3403\app\__init__.py:46]
2024-05-10 07:37:45,173 INFO: Microblog startup [in C:\Users\HP Laptop\Desktop\game\cits3403\app\__init__.py:46]
2024-05-10 07:39:58,473 INFO: Microblog startup [in C:\Users\HP Laptop\Desktop\game\cits3403\app\__init__.py:46]
2024-05-10 07:50:17,335 INFO: Microblog startup [in C:\Users\HP Laptop\Desktop\game\cits3403\app\__init__.py:46]
2024-05-13 03:30:24,591 INFO: Microblog startup [in /workspaces/cits3403/app/__init__.py:46]
2024-05-13 03:31:46,198 ERROR: Exception on /index [GET] [in /home/codespace/.local/lib/python3.10/site-packages/flask/app.py:838]
Traceback (most recent call last):
  File "/home/codespace/.local/lib/python3.10/site-packages/flask/app.py", line 1473, in wsgi_app
    response = self.full_dispatch_request()
  File "/home/codespace/.local/lib/python3.10/site-packages/flask/app.py", line 882, in full_dispatch_request
    rv = self.handle_user_exception(e)
  File "/home/codespace/.local/lib/python3.10/site-packages/flask/app.py", line 880, in full_dispatch_request
    rv = self.dispatch_request()
  File "/home/codespace/.local/lib/python3.10/site-packages/flask/app.py", line 865, in dispatch_request
    return self.ensure_sync(self.view_functions[rule.endpoint])(**view_args)  # type: ignore[no-any-return]
  File "/home/codespace/.local/lib/python3.10/site-packages/flask_login/utils.py", line 290, in decorated_view
    return current_app.ensure_sync(func)(*args, **kwargs)
  File "/workspaces/cits3403/app/routes.py", line 113, in index
    return render_template('index.html', title='Home Page')
  File "/home/codespace/.local/lib/python3.10/site-packages/flask/templating.py", line 150, in render_template
    return _render(app, template, context)
  File "/home/codespace/.local/lib/python3.10/site-packages/flask/templating.py", line 131, in _render
    rv = template.render(context)
  File "/home/codespace/.local/lib/python3.10/site-packages/jinja2/environment.py", line 1301, in render
    self.environment.handle_exception()
  File "/home/codespace/.local/lib/python3.10/site-packages/jinja2/environment.py", line 936, in handle_exception
    raise rewrite_traceback_stack(source=source)
  File "/workspaces/cits3403/app/templates/index.html", line 1, in top-level template code
    {% extends "base.html" %}
  File "/workspaces/cits3403/app/templates/base.html", line 31, in top-level template code
    {% block content %}{% endblock %}
  File "/workspaces/cits3403/app/templates/index.html", line 73, in block 'content'
    {{ form.hidden_tag() }}
  File "/home/codespace/.local/lib/python3.10/site-packages/jinja2/environment.py", line 485, in getattr
    return getattr(obj, attribute)
jinja2.exceptions.UndefinedError: 'form' is undefined
2024-05-13 03:47:40,717 INFO: Microblog startup [in /workspaces/cits3403/app/__init__.py:46]
2024-05-13 03:57:37,680 INFO: Microblog startup [in /workspaces/cits3403/app/__init__.py:46]
2024-05-13 04:00:42,912 INFO: Microblog startup [in /workspaces/cits3403/app/__init__.py:46]
2024-05-13 04:26:15,966 INFO: Microblog startup [in /workspaces/cits3403/app/__init__.py:46]
2024-05-13 04:26:52,282 INFO: Microblog startup [in /workspaces/cits3403/app/__init__.py:46]
2024-05-13 04:27:20,587 INFO: Microblog startup [in /workspaces/cits3403/app/__init__.py:46]
2024-05-13 04:41:12,841 INFO: Microblog startup [in /workspaces/cits3403/app/__init__.py:46]
2024-05-13 04:49:38,974 INFO: Microblog startup [in /workspaces/cits3403/app/__init__.py:46]
2024-05-13 04:52:44,659 INFO: Microblog startup [in /workspaces/cits3403/app/__init__.py:46]
2024-05-13 05:05:23,805 INFO: Microblog startup [in /workspaces/cits3403/app/__init__.py:46]
2024-05-13 05:06:59,934 INFO: Microblog startup [in /workspaces/cits3403/app/__init__.py:46]
2024-05-13 05:10:47,748 INFO: Microblog startup [in /workspaces/cits3403/app/__init__.py:46]
2024-05-13 05:16:45,527 INFO: Microblog startup [in /workspaces/cits3403/app/__init__.py:46]
2024-05-13 05:18:53,187 INFO: Microblog startup [in /workspaces/cits3403/app/__init__.py:46]
2024-05-13 05:21:46,340 INFO: Microblog startup [in /workspaces/cits3403/app/__init__.py:46]
2024-05-13 05:22:23,041 INFO: Microblog startup [in /workspaces/cits3403/app/__init__.py:46]
2024-05-13 05:23:16,896 INFO: Microblog startup [in /workspaces/cits3403/app/__init__.py:46]
2024-05-13 05:35:55,079 INFO: Microblog startup [in /workspaces/cits3403/app/__init__.py:46]
2024-05-13 05:35:57,170 ERROR: Exception on / [GET] [in /home/codespace/.local/lib/python3.10/site-packages/flask/app.py:838]
Traceback (most recent call last):
  File "/home/codespace/.local/lib/python3.10/site-packages/flask/app.py", line 1473, in wsgi_app
    response = self.full_dispatch_request()
  File "/home/codespace/.local/lib/python3.10/site-packages/flask/app.py", line 882, in full_dispatch_request
    rv = self.handle_user_exception(e)
  File "/home/codespace/.local/lib/python3.10/site-packages/flask/app.py", line 880, in full_dispatch_request
    rv = self.dispatch_request()
  File "/home/codespace/.local/lib/python3.10/site-packages/flask/app.py", line 865, in dispatch_request
    return self.ensure_sync(self.view_functions[rule.endpoint])(**view_args)  # type: ignore[no-any-return]
  File "/home/codespace/.local/lib/python3.10/site-packages/flask_login/utils.py", line 290, in decorated_view
    return current_app.ensure_sync(func)(*args, **kwargs)
  File "/workspaces/cits3403/app/routes.py", line 113, in index
    return render_template('index.html', title='Home Page')
  File "/home/codespace/.local/lib/python3.10/site-packages/flask/templating.py", line 149, in render_template
    template = app.jinja_env.get_or_select_template(template_name_or_list)
  File "/home/codespace/.local/lib/python3.10/site-packages/jinja2/environment.py", line 1081, in get_or_select_template
    return self.get_template(template_name_or_list, parent, globals)
  File "/home/codespace/.local/lib/python3.10/site-packages/jinja2/environment.py", line 1010, in get_template
    return self._load_template(name, globals)
  File "/home/codespace/.local/lib/python3.10/site-packages/jinja2/environment.py", line 969, in _load_template
    template = self.loader.load(self, name, self.make_globals(globals))
  File "/home/codespace/.local/lib/python3.10/site-packages/jinja2/loaders.py", line 137, in load
    code = environment.compile(source, name, filename)
  File "/home/codespace/.local/lib/python3.10/site-packages/jinja2/environment.py", line 768, in compile
    self.handle_exception(source=source_hint)
  File "/home/codespace/.local/lib/python3.10/site-packages/jinja2/environment.py", line 936, in handle_exception
    raise rewrite_traceback_stack(source=source)
  File "/workspaces/cits3403/app/templates/index.html", line 17, in template
    {% endblock %}
jinja2.exceptions.TemplateSyntaxError: Encountered unknown tag 'endblock'. You probably made a nesting mistake. Jinja is expecting this tag, but currently looking for 'elif' or 'else' or 'endif'. The innermost block that needs to be closed is 'if'.
2024-05-13 05:36:40,840 INFO: Microblog startup [in /workspaces/cits3403/app/__init__.py:46]
2024-05-13 05:37:40,814 INFO: Microblog startup [in /workspaces/cits3403/app/__init__.py:46]
2024-05-13 05:38:28,107 INFO: Microblog startup [in /workspaces/cits3403/app/__init__.py:46]
2024-05-13 05:38:52,021 INFO: Microblog startup [in /workspaces/cits3403/app/__init__.py:46]
2024-05-13 05:39:15,442 INFO: Microblog startup [in /workspaces/cits3403/app/__init__.py:46]
2024-05-13 05:40:10,059 INFO: Microblog startup [in /workspaces/cits3403/app/__init__.py:46]
2024-05-13 05:40:38,827 INFO: Microblog startup [in /workspaces/cits3403/app/__init__.py:46]
2024-05-13 05:41:54,392 INFO: Microblog startup [in /workspaces/cits3403/app/__init__.py:46]
2024-05-13 05:42:17,991 INFO: Microblog startup [in /workspaces/cits3403/app/__init__.py:46]
2024-05-13 05:43:50,276 INFO: Microblog startup [in /workspaces/cits3403/app/__init__.py:46]
2024-05-13 05:45:20,821 INFO: Microblog startup [in /workspaces/cits3403/app/__init__.py:46]
